<?xml version="1.0" encoding="UTF-8"?>
<!-- Generated by org.testng.reporters.JUnitXMLReporter -->
<testsuite ignored="0" hostname="DESKTOP-06A2QM2" failures="0" tests="10" name="Search Box Tests" time="110.686" errors="0" timestamp="2025-08-21T09:24:16 IST">
  <testcase classname="com.amazon.tests.SearchBoxTest" name="testValidProductSearch" time="9.478"/>
  <testcase classname="com.amazon.tests.SearchBoxTest" name="testEmptySearch" time="10.603"/>
  <testcase classname="com.amazon.tests.SearchBoxTest" name="testSingleCharSuggestions" time="2.319"/>
  <testcase classname="com.amazon.tests.SearchBoxTest" name="testSingleCharTenSuggestions" time="0.869"/>
  <testcase classname="com.amazon.tests.SearchBoxTest" name="testSelectSuggestion" time="13.456"/>
  <testcase classname="com.amazon.tests.SearchBoxTest" name="testTwoCharSuggestions" time="1.385"/>
  <testcase classname="com.amazon.tests.SearchBoxTest" name="testRepeatedWordSearch" time="11.161"/>
  <testcase classname="com.amazon.tests.SearchBoxTest" name="testRandomCharacterSearch" time="11.888"/>
  <testcase classname="com.amazon.tests.SearchBoxTest" name="testLongStringSearch" time="14.125"/>
  <testcase classname="com.amazon.tests.SearchBoxTest" name="testCombinationSearch" time="13.022"/>
</testsuite> <!-- Search Box Tests -->
