<?xml version="1.0" encoding="UTF-8"?>
<!-- Generated by org.testng.reporters.JUnitXMLReporter -->
<testsuite ignored="0" hostname="DESKTOP-06A2QM2" failures="0" tests="10" name="Default test" time="81.92" errors="0" timestamp="2025-08-21T09:43:49 IST">
  <testcase classname="com.amazon.tests.SearchBoxTest" name="testValidProductSearch" time="8.034"/>
  <testcase classname="com.amazon.tests.SearchBoxTest" name="testEmptySearch" time="6.224"/>
  <testcase classname="com.amazon.tests.SearchBoxTest" name="testSingleCharSuggestions" time="2.108"/>
  <testcase classname="com.amazon.tests.SearchBoxTest" name="testSingleCharTenSuggestions" time="1.063"/>
  <testcase classname="com.amazon.tests.SearchBoxTest" name="testSelectSuggestion" time="7.741"/>
  <testcase classname="com.amazon.tests.SearchBoxTest" name="testTwoCharSuggestions" time="1.871"/>
  <testcase classname="com.amazon.tests.SearchBoxTest" name="testRepeatedWordSearch" time="10.194"/>
  <testcase classname="com.amazon.tests.SearchBoxTest" name="testRandomCharacterSearch" time="8.536"/>
  <testcase classname="com.amazon.tests.SearchBoxTest" name="testLongStringSearch" time="9.019"/>
  <testcase classname="com.amazon.tests.SearchBoxTest" name="testCombinationSearch" time="8.634"/>
</testsuite> <!-- Default test -->
