<?xml version="1.0" encoding="UTF-8"?>
<testng-results ignored="0" total="10" passed="10" failed="0" skipped="0">
  <reporter-output>
  </reporter-output>
  <suite started-at="2025-08-21T09:42:27 IST" name="Default suite" finished-at="2025-08-21T09:43:49 IST" duration-ms="81920">
    <groups>
    </groups>
    <test started-at="2025-08-21T09:42:27 IST" name="Default test" finished-at="2025-08-21T09:43:49 IST" duration-ms="81920">
      <class name="com.amazon.tests.SearchBoxTest">
        <test-method is-config="true" signature="setup()[pri:0, instance:com.amazon.tests.SearchBoxTest@385c9627]" started-at="2025-08-21T09:42:27 IST" name="setup" finished-at="2025-08-21T09:42:44 IST" duration-ms="17023" status="PASS">
          <reporter-output>
          </reporter-output>
        </test-method> <!-- setup -->
        <test-method signature="testValidProductSearch()[pri:1, instance:com.amazon.tests.SearchBoxTest@385c9627]" started-at="2025-08-21T09:42:44 IST" name="testValidProductSearch" finished-at="2025-08-21T09:42:52 IST" duration-ms="8034" status="PASS">
          <reporter-output>
          </reporter-output>
        </test-method> <!-- testValidProductSearch -->
        <test-method is-config="true" signature="captureFailure(org.testng.ITestResult)[pri:0, instance:com.amazon.tests.SearchBoxTest@385c9627]" started-at="2025-08-21T09:42:52 IST" name="captureFailure" finished-at="2025-08-21T09:42:52 IST" duration-ms="8" status="PASS">
          <params>
            <param index="0">
              <value>
                <![CDATA[[TestResult name=testValidProductSearch status=SUCCESS method=SearchBoxTest.testValidProductSearch()[pri:1, instance:com.amazon.tests.SearchBoxTest@385c9627] output={null}]]]>
              </value>
            </param>
          </params>
          <reporter-output>
          </reporter-output>
        </test-method> <!-- captureFailure -->
        <test-method signature="testEmptySearch()[pri:2, instance:com.amazon.tests.SearchBoxTest@385c9627]" started-at="2025-08-21T09:42:52 IST" name="testEmptySearch" finished-at="2025-08-21T09:42:58 IST" duration-ms="6224" status="PASS">
          <reporter-output>
          </reporter-output>
        </test-method> <!-- testEmptySearch -->
        <test-method is-config="true" signature="captureFailure(org.testng.ITestResult)[pri:0, instance:com.amazon.tests.SearchBoxTest@385c9627]" started-at="2025-08-21T09:42:58 IST" name="captureFailure" finished-at="2025-08-21T09:42:58 IST" duration-ms="2" status="PASS">
          <params>
            <param index="0">
              <value>
                <![CDATA[[TestResult name=testEmptySearch status=SUCCESS method=SearchBoxTest.testEmptySearch()[pri:2, instance:com.amazon.tests.SearchBoxTest@385c9627] output={null}]]]>
              </value>
            </param>
          </params>
          <reporter-output>
          </reporter-output>
        </test-method> <!-- captureFailure -->
        <test-method signature="testSingleCharSuggestions()[pri:3, instance:com.amazon.tests.SearchBoxTest@385c9627]" started-at="2025-08-21T09:42:58 IST" name="testSingleCharSuggestions" finished-at="2025-08-21T09:43:00 IST" duration-ms="2108" status="PASS">
          <reporter-output>
          </reporter-output>
        </test-method> <!-- testSingleCharSuggestions -->
        <test-method is-config="true" signature="captureFailure(org.testng.ITestResult)[pri:0, instance:com.amazon.tests.SearchBoxTest@385c9627]" started-at="2025-08-21T09:43:00 IST" name="captureFailure" finished-at="2025-08-21T09:43:00 IST" duration-ms="2" status="PASS">
          <params>
            <param index="0">
              <value>
                <![CDATA[[TestResult name=testSingleCharSuggestions status=SUCCESS method=SearchBoxTest.testSingleCharSuggestions()[pri:3, instance:com.amazon.tests.SearchBoxTest@385c9627] output={null}]]]>
              </value>
            </param>
          </params>
          <reporter-output>
          </reporter-output>
        </test-method> <!-- captureFailure -->
        <test-method signature="testSingleCharTenSuggestions()[pri:4, instance:com.amazon.tests.SearchBoxTest@385c9627]" started-at="2025-08-21T09:43:00 IST" name="testSingleCharTenSuggestions" finished-at="2025-08-21T09:43:01 IST" duration-ms="1063" status="PASS">
          <reporter-output>
          </reporter-output>
        </test-method> <!-- testSingleCharTenSuggestions -->
        <test-method is-config="true" signature="captureFailure(org.testng.ITestResult)[pri:0, instance:com.amazon.tests.SearchBoxTest@385c9627]" started-at="2025-08-21T09:43:01 IST" name="captureFailure" finished-at="2025-08-21T09:43:01 IST" duration-ms="1" status="PASS">
          <params>
            <param index="0">
              <value>
                <![CDATA[[TestResult name=testSingleCharTenSuggestions status=SUCCESS method=SearchBoxTest.testSingleCharTenSuggestions()[pri:4, instance:com.amazon.tests.SearchBoxTest@385c9627] output={null}]]]>
              </value>
            </param>
          </params>
          <reporter-output>
          </reporter-output>
        </test-method> <!-- captureFailure -->
        <test-method signature="testSelectSuggestion()[pri:5, instance:com.amazon.tests.SearchBoxTest@385c9627]" started-at="2025-08-21T09:43:01 IST" name="testSelectSuggestion" finished-at="2025-08-21T09:43:09 IST" duration-ms="7741" status="PASS">
          <reporter-output>
          </reporter-output>
        </test-method> <!-- testSelectSuggestion -->
        <test-method is-config="true" signature="captureFailure(org.testng.ITestResult)[pri:0, instance:com.amazon.tests.SearchBoxTest@385c9627]" started-at="2025-08-21T09:43:09 IST" name="captureFailure" finished-at="2025-08-21T09:43:09 IST" duration-ms="1" status="PASS">
          <params>
            <param index="0">
              <value>
                <![CDATA[[TestResult name=testSelectSuggestion status=SUCCESS method=SearchBoxTest.testSelectSuggestion()[pri:5, instance:com.amazon.tests.SearchBoxTest@385c9627] output={null}]]]>
              </value>
            </param>
          </params>
          <reporter-output>
          </reporter-output>
        </test-method> <!-- captureFailure -->
        <test-method signature="testTwoCharSuggestions()[pri:6, instance:com.amazon.tests.SearchBoxTest@385c9627]" started-at="2025-08-21T09:43:09 IST" name="testTwoCharSuggestions" finished-at="2025-08-21T09:43:11 IST" duration-ms="1871" status="PASS">
          <reporter-output>
          </reporter-output>
        </test-method> <!-- testTwoCharSuggestions -->
        <test-method is-config="true" signature="captureFailure(org.testng.ITestResult)[pri:0, instance:com.amazon.tests.SearchBoxTest@385c9627]" started-at="2025-08-21T09:43:11 IST" name="captureFailure" finished-at="2025-08-21T09:43:11 IST" duration-ms="1" status="PASS">
          <params>
            <param index="0">
              <value>
                <![CDATA[[TestResult name=testTwoCharSuggestions status=SUCCESS method=SearchBoxTest.testTwoCharSuggestions()[pri:6, instance:com.amazon.tests.SearchBoxTest@385c9627] output={null}]]]>
              </value>
            </param>
          </params>
          <reporter-output>
          </reporter-output>
        </test-method> <!-- captureFailure -->
        <test-method signature="testRepeatedWordSearch()[pri:7, instance:com.amazon.tests.SearchBoxTest@385c9627]" started-at="2025-08-21T09:43:11 IST" name="testRepeatedWordSearch" finished-at="2025-08-21T09:43:21 IST" duration-ms="10194" status="PASS">
          <reporter-output>
          </reporter-output>
        </test-method> <!-- testRepeatedWordSearch -->
        <test-method is-config="true" signature="captureFailure(org.testng.ITestResult)[pri:0, instance:com.amazon.tests.SearchBoxTest@385c9627]" started-at="2025-08-21T09:43:21 IST" name="captureFailure" finished-at="2025-08-21T09:43:21 IST" duration-ms="1" status="PASS">
          <params>
            <param index="0">
              <value>
                <![CDATA[[TestResult name=testRepeatedWordSearch status=SUCCESS method=SearchBoxTest.testRepeatedWordSearch()[pri:7, instance:com.amazon.tests.SearchBoxTest@385c9627] output={null}]]]>
              </value>
            </param>
          </params>
          <reporter-output>
          </reporter-output>
        </test-method> <!-- captureFailure -->
        <test-method signature="testRandomCharacterSearch()[pri:8, instance:com.amazon.tests.SearchBoxTest@385c9627]" started-at="2025-08-21T09:43:21 IST" name="testRandomCharacterSearch" finished-at="2025-08-21T09:43:30 IST" duration-ms="8536" status="PASS">
          <reporter-output>
          </reporter-output>
        </test-method> <!-- testRandomCharacterSearch -->
        <test-method is-config="true" signature="captureFailure(org.testng.ITestResult)[pri:0, instance:com.amazon.tests.SearchBoxTest@385c9627]" started-at="2025-08-21T09:43:30 IST" name="captureFailure" finished-at="2025-08-21T09:43:30 IST" duration-ms="1" status="PASS">
          <params>
            <param index="0">
              <value>
                <![CDATA[[TestResult name=testRandomCharacterSearch status=SUCCESS method=SearchBoxTest.testRandomCharacterSearch()[pri:8, instance:com.amazon.tests.SearchBoxTest@385c9627] output={null}]]]>
              </value>
            </param>
          </params>
          <reporter-output>
          </reporter-output>
        </test-method> <!-- captureFailure -->
        <test-method signature="testLongStringSearch()[pri:9, instance:com.amazon.tests.SearchBoxTest@385c9627]" started-at="2025-08-21T09:43:30 IST" name="testLongStringSearch" finished-at="2025-08-21T09:43:39 IST" duration-ms="9019" status="PASS">
          <reporter-output>
          </reporter-output>
        </test-method> <!-- testLongStringSearch -->
        <test-method is-config="true" signature="captureFailure(org.testng.ITestResult)[pri:0, instance:com.amazon.tests.SearchBoxTest@385c9627]" started-at="2025-08-21T09:43:39 IST" name="captureFailure" finished-at="2025-08-21T09:43:39 IST" duration-ms="1" status="PASS">
          <params>
            <param index="0">
              <value>
                <![CDATA[[TestResult name=testLongStringSearch status=SUCCESS method=SearchBoxTest.testLongStringSearch()[pri:9, instance:com.amazon.tests.SearchBoxTest@385c9627] output={null}]]]>
              </value>
            </param>
          </params>
          <reporter-output>
          </reporter-output>
        </test-method> <!-- captureFailure -->
        <test-method signature="testCombinationSearch()[pri:10, instance:com.amazon.tests.SearchBoxTest@385c9627]" started-at="2025-08-21T09:43:39 IST" name="testCombinationSearch" finished-at="2025-08-21T09:43:48 IST" duration-ms="8634" status="PASS">
          <reporter-output>
          </reporter-output>
        </test-method> <!-- testCombinationSearch -->
        <test-method is-config="true" signature="captureFailure(org.testng.ITestResult)[pri:0, instance:com.amazon.tests.SearchBoxTest@385c9627]" started-at="2025-08-21T09:43:48 IST" name="captureFailure" finished-at="2025-08-21T09:43:48 IST" duration-ms="1" status="PASS">
          <params>
            <param index="0">
              <value>
                <![CDATA[[TestResult name=testCombinationSearch status=SUCCESS method=SearchBoxTest.testCombinationSearch()[pri:10, instance:com.amazon.tests.SearchBoxTest@385c9627] output={null}]]]>
              </value>
            </param>
          </params>
          <reporter-output>
          </reporter-output>
        </test-method> <!-- captureFailure -->
        <test-method is-config="true" signature="cleanup()[pri:0, instance:com.amazon.tests.SearchBoxTest@385c9627]" started-at="2025-08-21T09:43:48 IST" name="cleanup" finished-at="2025-08-21T09:43:49 IST" duration-ms="1294" status="PASS">
          <reporter-output>
          </reporter-output>
        </test-method> <!-- cleanup -->
      </class> <!-- com.amazon.tests.SearchBoxTest -->
    </test> <!-- Default test -->
  </suite> <!-- Default suite -->
</testng-results>
